# JRE version: OpenJDK Runtime Environment Temurin-17.0.10+7 (17.0.10+7) (build 17.0.10+7)
# Java VM: OpenJDK 64-Bit Server VM Temurin-17.0.10+7 (17.0.10+7, mixed mode, tiered, compressed oops, compressed class ptrs, parallel gc, windows-amd64)
GC Precious Log:
 CPUs: 8 total, 8 available
 Memory: 7549M
 Large Page Support: Disabled
 NUMA Support: Disabled
 Compressed Oops: Enabled (32-bit)
 Alignments: Space 512K, Generation 512K, Heap 2M
 Heap Min Capacity: 100M
 Heap Initial Capacity: 100M
 Heap Max Capacity: 1G
 Pre-touch: Disabled
 Parallel Workers: 8
Heap:
 PSYoungGen      total 15872K, used 14928K [0x00000000eab00000, 0x00000000ebc80000, 0x0000000100000000)
  eden space 14848K, 93% used [0x00000000eab00000,0x00000000eb894358,0x00000000eb980000)
  from space 1024K, 100% used [0x00000000ebb00000,0x00000000ebc00000,0x00000000ebc00000)
  to   space 1536K, 0% used [0x00000000eb980000,0x00000000eb980000,0x00000000ebb00000)
 ParOldGen       total 68608K, used 65222K [0x00000000c0000000, 0x00000000c4300000, 0x00000000eab00000)
  object space 68608K, 95% used [0x00000000c0000000,0x00000000c3fb1840,0x00000000c4300000)
 Metaspace       used 68366K, committed 69760K, reserved 1114112K
  class space    used 7249K, committed 7808K, reserved 1048576K
GC Heap History (20 events):
Event: 9.982 GC heap before
{Heap before GC invocations=46 (full 3):
 PSYoungGen      total 18432K, used 17890K [0x00000000eab00000, 0x00000000ebf80000, 0x0000000100000000)
  eden space 15872K, 100% used [0x00000000eab00000,0x00000000eba80000,0x00000000eba80000)
  from space 2560K, 78% used [0x00000000ebd00000,0x00000000ebef8838,0x00000000ebf80000)
  to   space 2560K, 0% used [0x00000000eba80000,0x00000000eba80000,0x00000000ebd00000)
 ParOldGen       total 68608K, used 53223K [0x00000000c0000000, 0x00000000c4300000, 0x00000000eab00000)
  object space 68608K, 77% used [0x00000000c0000000,0x00000000c33f9ca0,0x00000000c4300000)
 Metaspace       used 65552K, committed 66880K, reserved 1114112K
  class space    used 6979K, committed 7552K, reserved 1048576K
}
Event: 9.985 GC heap after
{Heap after GC invocations=46 (full 3):
 PSYoungGen      total 18432K, used 2477K [0x00000000eab00000, 0x00000000ebf80000, 0x0000000100000000)
  eden space 15872K, 0% used [0x00000000eab00000,0x00000000eab00000,0x00000000eba80000)
  from space 2560K, 96% used [0x00000000eba80000,0x00000000ebceb710,0x00000000ebd00000)
  to   space 2560K, 0% used [0x00000000ebd00000,0x00000000ebd00000,0x00000000ebf80000)
 ParOldGen       total 68608K, used 54848K [0x00000000c0000000, 0x00000000c4300000, 0x00000000eab00000)
  object space 68608K, 79% used [0x00000000c0000000,0x00000000c3590078,0x00000000c4300000)
 Metaspace       used 65552K, committed 66880K, reserved 1114112K
  class space    used 6979K, committed 7552K, reserved 1048576K
}
Event: 10.041 GC heap before
{Heap before GC invocations=47 (full 3):
 PSYoungGen      total 18432K, used 18349K [0x00000000eab00000, 0x00000000ebf80000, 0x0000000100000000)
  eden space 15872K, 100% used [0x00000000eab00000,0x00000000eba80000,0x00000000eba80000)
  from space 2560K, 96% used [0x00000000eba80000,0x00000000ebceb710,0x00000000ebd00000)
  to   space 2560K, 0% used [0x00000000ebd00000,0x00000000ebd00000,0x00000000ebf80000)
 ParOldGen       total 68608K, used 54848K [0x00000000c0000000, 0x00000000c4300000, 0x00000000eab00000)
  object space 68608K, 79% used [0x00000000c0000000,0x00000000c3590078,0x00000000c4300000)
 Metaspace       used 65624K, committed 66944K, reserved 1114112K
  class space    used 6981K, committed 7552K, reserved 1048576K
}
Event: 10.043 GC heap after
{Heap after GC invocations=47 (full 3):
 PSYoungGen      total 17408K, used 1216K [0x00000000eab00000, 0x00000000ebe80000, 0x0000000100000000)
  eden space 15872K, 0% used [0x00000000eab00000,0x00000000eab00000,0x00000000eba80000)
  from space 1536K, 79% used [0x00000000ebd00000,0x00000000ebe30000,0x00000000ebe80000)
  to   space 2048K, 0% used [0x00000000eba80000,0x00000000eba80000,0x00000000ebc80000)
 ParOldGen       total 68608K, used 56873K [0x00000000c0000000, 0x00000000c4300000, 0x00000000eab00000)
  object space 68608K, 82% used [0x00000000c0000000,0x00000000c378a418,0x00000000c4300000)
 Metaspace       used 65624K, committed 66944K, reserved 1114112K
  class space    used 6981K, committed 7552K, reserved 1048576K
}
Event: 10.122 GC heap before
{Heap before GC invocations=48 (full 3):
 PSYoungGen      total 17408K, used 17088K [0x00000000eab00000, 0x00000000ebe80000, 0x0000000100000000)
  eden space 15872K, 100% used [0x00000000eab00000,0x00000000eba80000,0x00000000eba80000)
  from space 1536K, 79% used [0x00000000ebd00000,0x00000000ebe30000,0x00000000ebe80000)
  to   space 2048K, 0% used [0x00000000eba80000,0x00000000eba80000,0x00000000ebc80000)
 ParOldGen       total 68608K, used 56873K [0x00000000c0000000, 0x00000000c4300000, 0x00000000eab00000)
  object space 68608K, 82% used [0x00000000c0000000,0x00000000c378a418,0x00000000c4300000)
 Metaspace       used 65659K, committed 67008K, reserved 1114112K
  class space    used 6981K, committed 7552K, reserved 1048576K
}
Event: 10.124 GC heap after
{Heap after GC invocations=48 (full 3):
 PSYoungGen      total 17920K, used 1536K [0x00000000eab00000, 0x00000000ebe80000, 0x0000000100000000)
  eden space 15872K, 0% used [0x00000000eab00000,0x00000000eab00000,0x00000000eba80000)
  from space 2048K, 75% used [0x00000000eba80000,0x00000000ebc00000,0x00000000ebc80000)
  to   space 2048K, 0% used [0x00000000ebc80000,0x00000000ebc80000,0x00000000ebe80000)
 ParOldGen       total 68608K, used 57937K [0x00000000c0000000, 0x00000000c4300000, 0x00000000eab00000)
  object space 68608K, 84% used [0x00000000c0000000,0x00000000c3894428,0x00000000c4300000)
 Metaspace       used 65659K, committed 67008K, reserved 1114112K
  class space    used 6981K, committed 7552K, reserved 1048576K
}
Event: 10.179 GC heap before
{Heap before GC invocations=49 (full 3):
 PSYoungGen      total 17920K, used 17408K [0x00000000eab00000, 0x00000000ebe80000, 0x0000000100000000)
  eden space 15872K, 100% used [0x00000000eab00000,0x00000000eba80000,0x00000000eba80000)
  from space 2048K, 75% used [0x00000000eba80000,0x00000000ebc00000,0x00000000ebc80000)
  to   space 2048K, 0% used [0x00000000ebc80000,0x00000000ebc80000,0x00000000ebe80000)
 ParOldGen       total 68608K, used 57937K [0x00000000c0000000, 0x00000000c4300000, 0x00000000eab00000)
  object space 68608K, 84% used [0x00000000c0000000,0x00000000c3894428,0x00000000c4300000)
 Metaspace       used 65797K, committed 67072K, reserved 1114112K
  class space    used 6996K, committed 7552K, reserved 1048576K
}
Event: 10.183 GC heap after
{Heap after GC invocations=49 (full 3):
 PSYoungGen      total 17408K, used 1504K [0x00000000eab00000, 0x00000000ebe00000, 0x0000000100000000)
  eden space 15872K, 0% used [0x00000000eab00000,0x00000000eab00000,0x00000000eba80000)
  from space 1536K, 97% used [0x00000000ebc80000,0x00000000ebdf8000,0x00000000ebe00000)
  to   space 1536K, 0% used [0x00000000ebb00000,0x00000000ebb00000,0x00000000ebc80000)
 ParOldGen       total 68608K, used 59353K [0x00000000c0000000, 0x00000000c4300000, 0x00000000eab00000)
  object space 68608K, 86% used [0x00000000c0000000,0x00000000c39f6428,0x00000000c4300000)
 Metaspace       used 65797K, committed 67072K, reserved 1114112K
  class space    used 6996K, committed 7552K, reserved 1048576K
}
Event: 10.223 GC heap before
{Heap before GC invocations=50 (full 3):
 PSYoungGen      total 17408K, used 17376K [0x00000000eab00000, 0x00000000ebe00000, 0x0000000100000000)
  eden space 15872K, 100% used [0x00000000eab00000,0x00000000eba80000,0x00000000eba80000)
  from space 1536K, 97% used [0x00000000ebc80000,0x00000000ebdf8000,0x00000000ebe00000)
  to   space 1536K, 0% used [0x00000000ebb00000,0x00000000ebb00000,0x00000000ebc80000)
 ParOldGen       total 68608K, used 59353K [0x00000000c0000000, 0x00000000c4300000, 0x00000000eab00000)
  object space 68608K, 86% used [0x00000000c0000000,0x00000000c39f6428,0x00000000c4300000)
 Metaspace       used 65810K, committed 67136K, reserved 1114112K
  class space    used 6997K, committed 7552K, reserved 1048576K
}
Event: 10.225 GC heap after
{Heap after GC invocations=50 (full 3):
 PSYoungGen      total 17408K, used 1338K [0x00000000eab00000, 0x00000000ebd80000, 0x0000000100000000)
  eden space 15872K, 0% used [0x00000000eab00000,0x00000000eab00000,0x00000000eba80000)
  from space 1536K, 87% used [0x00000000ebb00000,0x00000000ebc4e900,0x00000000ebc80000)
  to   space 1024K, 0% used [0x00000000ebc80000,0x00000000ebc80000,0x00000000ebd80000)
 ParOldGen       total 68608K, used 60673K [0x00000000c0000000, 0x00000000c4300000, 0x00000000eab00000)
  object space 68608K, 88% used [0x00000000c0000000,0x00000000c3b40428,0x00000000c4300000)
 Metaspace       used 65810K, committed 67136K, reserved 1114112K
  class space    used 6997K, committed 7552K, reserved 1048576K
}
Event: 10.316 GC heap before
{Heap before GC invocations=51 (full 3):
 PSYoungGen      total 17408K, used 17210K [0x00000000eab00000, 0x00000000ebd80000, 0x0000000100000000)
  eden space 15872K, 100% used [0x00000000eab00000,0x00000000eba80000,0x00000000eba80000)
  from space 1536K, 87% used [0x00000000ebb00000,0x00000000ebc4e900,0x00000000ebc80000)
  to   space 1024K, 0% used [0x00000000ebc80000,0x00000000ebc80000,0x00000000ebd80000)
 ParOldGen       total 68608K, used 60673K [0x00000000c0000000, 0x00000000c4300000, 0x00000000eab00000)
  object space 68608K, 88% used [0x00000000c0000000,0x00000000c3b40428,0x00000000c4300000)
 Metaspace       used 66077K, committed 67456K, reserved 1114112K
  class space    used 7014K, committed 7616K, reserved 1048576K
}
Event: 10.318 GC heap after
{Heap after GC invocations=51 (full 3):
 PSYoungGen      total 15872K, used 1024K [0x00000000eab00000, 0x00000000ec080000, 0x0000000100000000)
  eden space 14848K, 0% used [0x00000000eab00000,0x00000000eab00000,0x00000000eb980000)
  from space 1024K, 100% used [0x00000000ebc80000,0x00000000ebd80000,0x00000000ebd80000)
  to   space 3072K, 0% used [0x00000000eb980000,0x00000000eb980000,0x00000000ebc80000)
 ParOldGen       total 68608K, used 62090K [0x00000000c0000000, 0x00000000c4300000, 0x00000000eab00000)
  object space 68608K, 90% used [0x00000000c0000000,0x00000000c3ca2828,0x00000000c4300000)
 Metaspace       used 66077K, committed 67456K, reserved 1114112K
  class space    used 7014K, committed 7616K, reserved 1048576K
}
Event: 10.519 GC heap before
{Heap before GC invocations=52 (full 3):
 PSYoungGen      total 15872K, used 15872K [0x00000000eab00000, 0x00000000ec080000, 0x0000000100000000)
  eden space 14848K, 100% used [0x00000000eab00000,0x00000000eb980000,0x00000000eb980000)
  from space 1024K, 100% used [0x00000000ebc80000,0x00000000ebd80000,0x00000000ebd80000)
  to   space 3072K, 0% used [0x00000000eb980000,0x00000000eb980000,0x00000000ebc80000)
 ParOldGen       total 68608K, used 62090K [0x00000000c0000000, 0x00000000c4300000, 0x00000000eab00000)
  object space 68608K, 90% used [0x00000000c0000000,0x00000000c3ca2828,0x00000000c4300000)
 Metaspace       used 66770K, committed 68160K, reserved 1114112K
  class space    used 7108K, committed 7680K, reserved 1048576K
}
Event: 10.522 GC heap after
{Heap after GC invocations=52 (full 3):
 PSYoungGen      total 16384K, used 1203K [0x00000000eab00000, 0x00000000ebd80000, 0x0000000100000000)
  eden space 14848K, 0% used [0x00000000eab00000,0x00000000eab00000,0x00000000eb980000)
  from space 1536K, 78% used [0x00000000eb980000,0x00000000ebaacfd8,0x00000000ebb00000)
  to   space 2048K, 0% used [0x00000000ebb80000,0x00000000ebb80000,0x00000000ebd80000)
 ParOldGen       total 68608K, used 63055K [0x00000000c0000000, 0x00000000c4300000, 0x00000000eab00000)
  object space 68608K, 91% used [0x00000000c0000000,0x00000000c3d93fb0,0x00000000c4300000)
 Metaspace       used 66770K, committed 68160K, reserved 1114112K
  class space    used 7108K, committed 7680K, reserved 1048576K
}
Event: 11.044 GC heap before
{Heap before GC invocations=53 (full 3):
 PSYoungGen      total 16384K, used 16051K [0x00000000eab00000, 0x00000000ebd80000, 0x0000000100000000)
  eden space 14848K, 100% used [0x00000000eab00000,0x00000000eb980000,0x00000000eb980000)
  from space 1536K, 78% used [0x00000000eb980000,0x00000000ebaacfd8,0x00000000ebb00000)
  to   space 2048K, 0% used [0x00000000ebb80000,0x00000000ebb80000,0x00000000ebd80000)
 ParOldGen       total 68608K, used 63055K [0x00000000c0000000, 0x00000000c4300000, 0x00000000eab00000)
  object space 68608K, 91% used [0x00000000c0000000,0x00000000c3d93fb0,0x00000000c4300000)
 Metaspace       used 67764K, committed 69056K, reserved 1114112K
  class space    used 7206K, committed 7744K, reserved 1048576K
}
Event: 11.048 GC heap after
{Heap after GC invocations=53 (full 3):
 PSYoungGen      total 15872K, used 1006K [0x00000000eab00000, 0x00000000ebc80000, 0x0000000100000000)
  eden space 14848K, 0% used [0x00000000eab00000,0x00000000eab00000,0x00000000eb980000)
  from space 1024K, 98% used [0x00000000ebb80000,0x00000000ebc7ba40,0x00000000ebc80000)
  to   space 1536K, 0% used [0x00000000eb980000,0x00000000eb980000,0x00000000ebb00000)
 ParOldGen       total 68608K, used 64089K [0x00000000c0000000, 0x00000000c4300000, 0x00000000eab00000)
  object space 68608K, 93% used [0x00000000c0000000,0x00000000c3e96750,0x00000000c4300000)
 Metaspace       used 67764K, committed 69056K, reserved 1114112K
  class space    used 7206K, committed 7744K, reserved 1048576K
}
Event: 11.195 GC heap before
{Heap before GC invocations=54 (full 3):
 PSYoungGen      total 15872K, used 15744K [0x00000000eab00000, 0x00000000ebc80000, 0x0000000100000000)
  eden space 14848K, 99% used [0x00000000eab00000,0x00000000eb9648e8,0x00000000eb980000)
  from space 1024K, 98% used [0x00000000ebb80000,0x00000000ebc7ba40,0x00000000ebc80000)
  to   space 1536K, 0% used [0x00000000eb980000,0x00000000eb980000,0x00000000ebb00000)
 ParOldGen       total 68608K, used 64089K [0x00000000c0000000, 0x00000000c4300000, 0x00000000eab00000)
  object space 68608K, 93% used [0x00000000c0000000,0x00000000c3e96750,0x00000000c4300000)
 Metaspace       used 68133K, committed 69440K, reserved 1114112K
  class space    used 7238K, committed 7808K, reserved 1048576K
}
Event: 11.198 GC heap after
{Heap after GC invocations=54 (full 3):
 PSYoungGen      total 16384K, used 576K [0x00000000eab00000, 0x00000000ebc00000, 0x0000000100000000)
  eden space 14848K, 0% used [0x00000000eab00000,0x00000000eab00000,0x00000000eb980000)
  from space 1536K, 37% used [0x00000000eb980000,0x00000000eba10000,0x00000000ebb00000)
  to   space 1024K, 0% used [0x00000000ebb00000,0x00000000ebb00000,0x00000000ebc00000)
 ParOldGen       total 68608K, used 64990K [0x00000000c0000000, 0x00000000c4300000, 0x00000000eab00000)
  object space 68608K, 94% used [0x00000000c0000000,0x00000000c3f77840,0x00000000c4300000)
 Metaspace       used 68133K, committed 69440K, reserved 1114112K
  class space    used 7238K, committed 7808K, reserved 1048576K
}
Event: 11.338 GC heap before
{Heap before GC invocations=55 (full 3):
 PSYoungGen      total 16384K, used 15424K [0x00000000eab00000, 0x00000000ebc00000, 0x0000000100000000)
  eden space 14848K, 100% used [0x00000000eab00000,0x00000000eb980000,0x00000000eb980000)
  from space 1536K, 37% used [0x00000000eb980000,0x00000000eba10000,0x00000000ebb00000)
  to   space 1024K, 0% used [0x00000000ebb00000,0x00000000ebb00000,0x00000000ebc00000)
 ParOldGen       total 68608K, used 64990K [0x00000000c0000000, 0x00000000c4300000, 0x00000000eab00000)
  object space 68608K, 94% used [0x00000000c0000000,0x00000000c3f77840,0x00000000c4300000)
 Metaspace       used 68266K, committed 69632K, reserved 1114112K
  class space    used 7244K, committed 7808K, reserved 1048576K
}
Event: 11.340 GC heap after
{Heap after GC invocations=55 (full 3):
 PSYoungGen      total 15872K, used 1024K [0x00000000eab00000, 0x00000000ebc80000, 0x0000000100000000)
  eden space 14848K, 0% used [0x00000000eab00000,0x00000000eab00000,0x00000000eb980000)
  from space 1024K, 100% used [0x00000000ebb00000,0x00000000ebc00000,0x00000000ebc00000)
  to   space 1536K, 0% used [0x00000000eb980000,0x00000000eb980000,0x00000000ebb00000)
 ParOldGen       total 68608K, used 65222K [0x00000000c0000000, 0x00000000c4300000, 0x00000000eab00000)
  object space 68608K, 95% used [0x00000000c0000000,0x00000000c3fb1840,0x00000000c4300000)
 Metaspace       used 68266K, committed 69632K, reserved 1114112K
  class space    used 7244K, committed 7808K, reserved 1048576K
}

